[2026-04-25 08:14:46,597: INFO: main: Welcome DLops Project]
[2026-04-25 10:39:44,235: INFO: common: YAML file config\config.yaml loaded successfully]
[2026-04-25 10:39:44,237: INFO: common: YAML file params.yaml loaded successfully]
[2026-04-25 10:40:12,214: INFO: common: YAML file config\config.yaml loaded successfully]
[2026-04-25 10:40:12,216: INFO: common: YAML file params.yaml loaded successfully]
[2026-04-25 10:40:12,216: INFO: common: created directory at: artifacts]
[2026-04-25 10:40:12,216: INFO: common: created directory at: artifacts/data_ingestion]
[2026-04-25 10:40:12,751: INFO: 4037744573: artifacts/data_ingestion/data.zip download! with following info: 
Connection: close
Content-Length: 11616915
Cache-Control: max-age=300
Content-Security-Policy: default-src 'none'; style-src 'unsafe-inline'; sandbox
Content-Type: application/zip
ETag: "adf745abc03891fe493c3be264ec012691fe3fa21d861f35a27edbe6d86a76b1"
Strict-Transport-Security: max-age=31536000
X-Content-Type-Options: nosniff
X-Frame-Options: deny
X-XSS-Protection: 1; mode=block
X-GitHub-Request-Id: F2AA:E1276:90F94E:A9ADCE:69EC4C76
Accept-Ranges: bytes
Date: Sat, 25 Apr 2026 05:10:11 GMT
Via: 1.1 varnish
X-Served-By: cache-del-vibw2260026-DEL
X-Cache: HIT
X-Cache-Hits: 1
X-Timer: S1777093812.946102,VS0,VE9
Vary: Authorization,Accept-Encoding
Access-Control-Allow-Origin: *
Cross-Origin-Resource-Policy: cross-origin
X-Fastly-Request-ID: efaa2763e2e2bee1c25957573399640ea10edd7e
Expires: Sat, 25 Apr 2026 05:15:11 GMT
Source-Age: 61

]
[2026-04-25 11:06:59,123: INFO: main: >>>>>> Data Ingestion Stage started <<<<<<]
[2026-04-25 11:06:59,123: INFO: common: YAML file config\config.yaml loaded successfully]
[2026-04-25 11:07:43,368: INFO: main: >>>>>> Data Ingestion Stage started <<<<<<]
[2026-04-25 11:07:43,368: INFO: common: YAML file config\config.yaml loaded successfully]
[2026-04-25 11:07:43,368: INFO: common: YAML file params.yaml loaded successfully]
[2026-04-25 11:07:43,375: INFO: common: created directory at: artifacts]
[2026-04-25 11:07:43,375: INFO: common: created directory at: artifacts/data_ingestion]
[2026-04-25 11:07:43,375: INFO: data_ingestion: File already exists of size: ~ 11345 KB]
[2026-04-25 11:07:43,568: INFO: main: >>>>>> Data Ingestion Stage completed <<<<<<

x==========x]
